0 info it worked if it ends with ok
1 verbose cli [ 'C:\\Program Files\\nodejs\\\\node.exe',
1 verbose cli   'C:\\Program Files\\nodejs\\node_modules\\npm\\bin\\npm-cli.js',
1 verbose cli   'install' ]
2 info using npm@1.4.28
3 info using node@v0.10.33
4 verbose node symlink C:\Program Files\nodejs\\node.exe
5 verbose readDependencies using package.json deps
6 verbose install where, deps [ 'C:\\Users\\Trevor\\src\\angular\\lolScale',
6 verbose install   [ 'karma',
6 verbose install     'protractor',
6 verbose install     'http-server',
6 verbose install     'bower',
6 verbose install     'shelljs',
6 verbose install     'karma-junit-reporter' ] ]
7 info preinstall angular-seed@0.0.0
8 warn package.json karma-chrome-launcher@0.1.5 No README data
9 warn package.json karma-phantomjs-launcher@0.1.4 No README data
10 verbose readDependencies using package.json deps
11 verbose already installed skipping karma@~0.10 C:\Users\Trevor\src\angular\lolScale
12 verbose already installed skipping protractor@^1.1.1 C:\Users\Trevor\src\angular\lolScale
13 verbose already installed skipping http-server@^0.6.1 C:\Users\Trevor\src\angular\lolScale
14 verbose already installed skipping bower@^1.3.1 C:\Users\Trevor\src\angular\lolScale
15 verbose already installed skipping shelljs@^0.2.6 C:\Users\Trevor\src\angular\lolScale
16 verbose already installed skipping karma-junit-reporter@^0.2.2 C:\Users\Trevor\src\angular\lolScale
17 silly resolved []
18 info build C:\Users\Trevor\src\angular\lolScale
19 verbose linkStuff [ false, false, false, 'C:\\Users\\Trevor\\src\\angular' ]
20 info linkStuff angular-seed@0.0.0
21 verbose linkBins angular-seed@0.0.0
22 verbose linkMans angular-seed@0.0.0
23 verbose rebuildBundles angular-seed@0.0.0
24 verbose rebuildBundles [ '.bin',
24 verbose rebuildBundles   'bower',
24 verbose rebuildBundles   'http-server',
24 verbose rebuildBundles   'karma',
24 verbose rebuildBundles   'karma-chrome-launcher',
24 verbose rebuildBundles   'karma-coffee-preprocessor',
24 verbose rebuildBundles   'karma-firefox-launcher',
24 verbose rebuildBundles   'karma-html2js-preprocessor',
24 verbose rebuildBundles   'karma-jasmine',
24 verbose rebuildBundles   'karma-junit-reporter',
24 verbose rebuildBundles   'karma-phantomjs-launcher',
24 verbose rebuildBundles   'karma-requirejs',
24 verbose rebuildBundles   'karma-script-launcher',
24 verbose rebuildBundles   'protractor',
24 verbose rebuildBundles   'requirejs',
24 verbose rebuildBundles   'shelljs' ]
25 verbose rebuild bundle C:\Users\Trevor\src\angular\lolScale\node_modules\karma-chrome-launcher
26 info build C:\Users\Trevor\src\angular\lolScale\node_modules\karma-chrome-launcher
27 info preinstall karma-chrome-launcher@0.1.5
28 verbose linkStuff [ false,
28 verbose linkStuff   false,
28 verbose linkStuff   false,
28 verbose linkStuff   'C:\\Users\\Trevor\\src\\angular\\lolScale\\node_modules' ]
29 info linkStuff karma-chrome-launcher@0.1.5
30 verbose linkBins karma-chrome-launcher@0.1.5
31 verbose linkMans karma-chrome-launcher@0.1.5
32 verbose rebuildBundles karma-chrome-launcher@0.1.5
33 info install karma-chrome-launcher@0.1.5
34 info postinstall karma-chrome-launcher@0.1.5
35 verbose rebuild bundle C:\Users\Trevor\src\angular\lolScale\node_modules\karma-coffee-preprocessor
36 info build C:\Users\Trevor\src\angular\lolScale\node_modules\karma-coffee-preprocessor
37 info preinstall karma-coffee-preprocessor@0.1.3
38 verbose linkStuff [ false,
38 verbose linkStuff   false,
38 verbose linkStuff   false,
38 verbose linkStuff   'C:\\Users\\Trevor\\src\\angular\\lolScale\\node_modules' ]
39 info linkStuff karma-coffee-preprocessor@0.1.3
40 verbose linkBins karma-coffee-preprocessor@0.1.3
41 verbose linkMans karma-coffee-preprocessor@0.1.3
42 verbose rebuildBundles karma-coffee-preprocessor@0.1.3
43 verbose rebuildBundles [ '.bin', 'coffee-script' ]
44 info install karma-coffee-preprocessor@0.1.3
45 info postinstall karma-coffee-preprocessor@0.1.3
46 verbose rebuild bundle C:\Users\Trevor\src\angular\lolScale\node_modules\karma-firefox-launcher
47 info build C:\Users\Trevor\src\angular\lolScale\node_modules\karma-firefox-launcher
48 info preinstall karma-firefox-launcher@0.1.3
49 verbose linkStuff [ false,
49 verbose linkStuff   false,
49 verbose linkStuff   false,
49 verbose linkStuff   'C:\\Users\\Trevor\\src\\angular\\lolScale\\node_modules' ]
50 info linkStuff karma-firefox-launcher@0.1.3
51 verbose linkBins karma-firefox-launcher@0.1.3
52 verbose linkMans karma-firefox-launcher@0.1.3
53 verbose rebuildBundles karma-firefox-launcher@0.1.3
54 info install karma-firefox-launcher@0.1.3
55 info postinstall karma-firefox-launcher@0.1.3
56 verbose rebuild bundle C:\Users\Trevor\src\angular\lolScale\node_modules\karma-html2js-preprocessor
57 info build C:\Users\Trevor\src\angular\lolScale\node_modules\karma-html2js-preprocessor
58 info preinstall karma-html2js-preprocessor@0.1.0
59 verbose linkStuff [ false,
59 verbose linkStuff   false,
59 verbose linkStuff   false,
59 verbose linkStuff   'C:\\Users\\Trevor\\src\\angular\\lolScale\\node_modules' ]
60 info linkStuff karma-html2js-preprocessor@0.1.0
61 verbose linkBins karma-html2js-preprocessor@0.1.0
62 verbose linkMans karma-html2js-preprocessor@0.1.0
63 verbose rebuildBundles karma-html2js-preprocessor@0.1.0
64 info install karma-html2js-preprocessor@0.1.0
65 info postinstall karma-html2js-preprocessor@0.1.0
66 verbose rebuild bundle C:\Users\Trevor\src\angular\lolScale\node_modules\karma-jasmine
67 info build C:\Users\Trevor\src\angular\lolScale\node_modules\karma-jasmine
68 info preinstall karma-jasmine@0.1.5
69 verbose linkStuff [ false,
69 verbose linkStuff   false,
69 verbose linkStuff   false,
69 verbose linkStuff   'C:\\Users\\Trevor\\src\\angular\\lolScale\\node_modules' ]
70 info linkStuff karma-jasmine@0.1.5
71 verbose linkBins karma-jasmine@0.1.5
72 verbose linkMans karma-jasmine@0.1.5
73 verbose rebuildBundles karma-jasmine@0.1.5
74 info install karma-jasmine@0.1.5
75 info postinstall karma-jasmine@0.1.5
76 verbose rebuild bundle C:\Users\Trevor\src\angular\lolScale\node_modules\karma-phantomjs-launcher
77 info build C:\Users\Trevor\src\angular\lolScale\node_modules\karma-phantomjs-launcher
78 info preinstall karma-phantomjs-launcher@0.1.4
79 verbose linkStuff [ false,
79 verbose linkStuff   false,
79 verbose linkStuff   false,
79 verbose linkStuff   'C:\\Users\\Trevor\\src\\angular\\lolScale\\node_modules' ]
80 info linkStuff karma-phantomjs-launcher@0.1.4
81 verbose linkBins karma-phantomjs-launcher@0.1.4
82 verbose linkMans karma-phantomjs-launcher@0.1.4
83 verbose rebuildBundles karma-phantomjs-launcher@0.1.4
84 verbose rebuildBundles [ '.bin', 'phantomjs' ]
85 info install karma-phantomjs-launcher@0.1.4
86 info postinstall karma-phantomjs-launcher@0.1.4
87 verbose rebuild bundle C:\Users\Trevor\src\angular\lolScale\node_modules\karma-requirejs
88 info build C:\Users\Trevor\src\angular\lolScale\node_modules\karma-requirejs
89 info preinstall karma-requirejs@0.2.2
90 verbose linkStuff [ false,
90 verbose linkStuff   false,
90 verbose linkStuff   false,
90 verbose linkStuff   'C:\\Users\\Trevor\\src\\angular\\lolScale\\node_modules' ]
91 info linkStuff karma-requirejs@0.2.2
92 verbose linkBins karma-requirejs@0.2.2
93 verbose linkMans karma-requirejs@0.2.2
94 verbose rebuildBundles karma-requirejs@0.2.2
95 info install karma-requirejs@0.2.2
96 info postinstall karma-requirejs@0.2.2
97 verbose rebuild bundle C:\Users\Trevor\src\angular\lolScale\node_modules\karma-script-launcher
98 info build C:\Users\Trevor\src\angular\lolScale\node_modules\karma-script-launcher
99 info preinstall karma-script-launcher@0.1.0
100 verbose linkStuff [ false,
100 verbose linkStuff   false,
100 verbose linkStuff   false,
100 verbose linkStuff   'C:\\Users\\Trevor\\src\\angular\\lolScale\\node_modules' ]
101 info linkStuff karma-script-launcher@0.1.0
102 verbose linkBins karma-script-launcher@0.1.0
103 verbose linkMans karma-script-launcher@0.1.0
104 verbose rebuildBundles karma-script-launcher@0.1.0
105 info install karma-script-launcher@0.1.0
106 info postinstall karma-script-launcher@0.1.0
107 verbose rebuild bundle C:\Users\Trevor\src\angular\lolScale\node_modules\requirejs
108 info build C:\Users\Trevor\src\angular\lolScale\node_modules\requirejs
109 info preinstall requirejs@2.1.15
110 verbose linkStuff [ false,
110 verbose linkStuff   false,
110 verbose linkStuff   false,
110 verbose linkStuff   'C:\\Users\\Trevor\\src\\angular\\lolScale\\node_modules' ]
111 info linkStuff requirejs@2.1.15
112 verbose linkBins requirejs@2.1.15
113 verbose link bins [ { 'r.js': './bin/r.js' },
113 verbose link bins   'C:\\Users\\Trevor\\src\\angular\\lolScale\\node_modules\\.bin',
113 verbose link bins   false ]
114 verbose linkMans requirejs@2.1.15
115 verbose rebuildBundles requirejs@2.1.15
116 info install requirejs@2.1.15
117 info postinstall requirejs@2.1.15
118 info install angular-seed@0.0.0
119 info postinstall angular-seed@0.0.0
120 verbose unsafe-perm in lifecycle true
121 info angular-seed@0.0.0 Failed to exec postinstall script
122 error angular-seed@0.0.0 postinstall: `bower install`
122 error Exit status 1
123 error Failed at the angular-seed@0.0.0 postinstall script.
123 error This is most likely a problem with the angular-seed package,
123 error not with npm itself.
123 error Tell the author that this fails on your system:
123 error     bower install
123 error You can get their info via:
123 error     npm owner ls angular-seed
123 error There is likely additional logging output above.
124 error System Windows_NT 6.1.7601
125 error command "C:\\Program Files\\nodejs\\\\node.exe" "C:\\Program Files\\nodejs\\node_modules\\npm\\bin\\npm-cli.js" "install"
126 error cwd C:\Users\Trevor\src\angular\lolScale
127 error node -v v0.10.33
128 error npm -v 1.4.28
129 error code ELIFECYCLE
130 verbose exit [ 1, true ]
